<?xml version="1.0" encoding="UTF-8"?>
<!-- Generated by org.testng.reporters.JUnitReportReporter -->
<testsuite hostname="AkshaySeeram" failures="0" tests="1" name="TestScripts.TestNg_addToCart" time="8.349" errors="0" timestamp="2023-12-27T10:12:06 IST" skipped="0">
  <testcase classname="TestScripts.TestNg_addToCart" name="addToCart" time="8.349"/>
</testsuite> <!-- TestScripts.TestNg_addToCart -->
